SF:D:\dev\back\Blog\Blog.Application\Handlers\PostCreatedEventHandler.cs
FN:14,System.Void PostCreatedEventHandler::.ctor(Blog.Shared.Interfaces.IEmailService,Blog.Infra.Context.BlogDbContext,Microsoft.Extensions.Logging.ILogger`1<PostCreatedEventHandler>)
FNDA:3,System.Void PostCreatedEventHandler::.ctor(Blog.Shared.Interfaces.IEmailService,Blog.Infra.Context.BlogDbContext,Microsoft.Extensions.Logging.ILogger`1<PostCreatedEventHandler>)
DA:15,3
DA:16,3
DA:17,3
DA:18,3
DA:19,3
DA:20,3
FN:22,System.Void PostCreatedEventHandler/<Handle>d__4::MoveNext()
FNDA:3,System.Void PostCreatedEventHandler/<Handle>d__4::MoveNext()
DA:23,3
DA:25,3
DA:27,4
DA:30,2
DA:31,13
DA:32,4
DA:34,4
DA:37,4
DA:39,3
DA:41,1
DA:43,1
DA:44,1
DA:45,1
DA:46,1
DA:51,2
BRDA:27,193,0,1
BRDA:27,193,1,2
BRDA:31,468,1,4
BRDA:31,468,0,1
LF:21
LH:21
BRF:4
BRH:4
FNF:2
FNH:2
end_of_record
SF:D:\dev\back\Blog\Blog.Application\Handlers\PostScheduledEventHandler.cs
FN:11,System.Void Blog.Application.Handlers.PostScheduledEventHandler::.ctor(Blog.Infra.Context.BlogDbContext)
FNDA:1,System.Void Blog.Application.Handlers.PostScheduledEventHandler::.ctor(Blog.Infra.Context.BlogDbContext)
DA:12,1
DA:13,1
DA:14,1
DA:15,1
FN:17,System.Void Blog.Application.Handlers.PostScheduledEventHandler/<Handle>d__2::MoveNext()
FNDA:1,System.Void Blog.Application.Handlers.PostScheduledEventHandler/<Handle>d__2::MoveNext()
DA:18,1
DA:20,1
DA:21,1
DA:23,1
DA:25,1
DA:26,1
DA:27,0
DA:28,0
DA:32,1
LF:13
LH:11
BRF:0
BRH:0
FNF:2
FNH:2
end_of_record
SF:D:\dev\back\Blog\Blog.Domain\Events\DomainEvent.cs
FN:4,System.Guid Blog.Domain.Events.DomainEvent::get_Id()
FNDA:14,System.Guid Blog.Domain.Events.DomainEvent::get_Id()
DA:5,14
FN:5,System.String Blog.Domain.Events.DomainEvent::get_Event()
FNDA:15,System.String Blog.Domain.Events.DomainEvent::get_Event()
DA:6,15
FN:6,System.String Blog.Domain.Events.DomainEvent::get_Payload()
FNDA:14,System.String Blog.Domain.Events.DomainEvent::get_Payload()
DA:7,14
FN:7,System.DateTime Blog.Domain.Events.DomainEvent::get_CreatedAt()
FNDA:14,System.DateTime Blog.Domain.Events.DomainEvent::get_CreatedAt()
DA:8,14
FN:8,System.Nullable`1<System.DateTime> Blog.Domain.Events.DomainEvent::get_ProcessedAt()
FNDA:0,System.Nullable`1<System.DateTime> Blog.Domain.Events.DomainEvent::get_ProcessedAt()
DA:9,0
FN:9,Blog.Domain.Events.DomainEventStatus Blog.Domain.Events.DomainEvent::get_Status()
FNDA:14,Blog.Domain.Events.DomainEventStatus Blog.Domain.Events.DomainEvent::get_Status()
DA:10,14
FN:24,System.Void Blog.Domain.Events.DomainEvent::Processed(Blog.Domain.Events.DomainEventStatus)
FNDA:0,System.Void Blog.Domain.Events.DomainEvent::Processed(Blog.Domain.Events.DomainEventStatus)
DA:25,0
DA:26,0
DA:27,0
DA:28,0
FN:12,System.Void Blog.Domain.Events.DomainEvent::.ctor()
FNDA:0,System.Void Blog.Domain.Events.DomainEvent::.ctor()
DA:13,0
FN:14,System.Void Blog.Domain.Events.DomainEvent::.ctor(System.String,System.String)
FNDA:14,System.Void Blog.Domain.Events.DomainEvent::.ctor(System.String,System.String)
DA:15,14
DA:16,14
DA:17,14
DA:18,14
DA:19,14
DA:20,14
DA:21,14
DA:22,14
LF:19
LH:13
BRF:0
BRH:0
FNF:9
FNH:6
end_of_record
SF:D:\dev\back\Blog\Blog.Domain\Events\Entity.cs
FN:10,System.Void Blog.Domain.Events.Entity::AddDomainEvents(Blog.Domain.Events.IDomainEvent)
FNDA:44,System.Void Blog.Domain.Events.Entity::AddDomainEvents(Blog.Domain.Events.IDomainEvent)
DA:11,44
DA:12,44
DA:13,44
FN:14,System.Collections.Generic.IReadOnlyList`1<Blog.Domain.Events.IDomainEvent> Blog.Domain.Events.Entity::GetDomainEvents()
FNDA:15,System.Collections.Generic.IReadOnlyList`1<Blog.Domain.Events.IDomainEvent> Blog.Domain.Events.Entity::GetDomainEvents()
DA:15,15
FN:16,System.Void Blog.Domain.Events.Entity::ClearDomainEvents()
FNDA:13,System.Void Blog.Domain.Events.Entity::ClearDomainEvents()
DA:17,13
FN:6,System.Void Blog.Domain.Events.Entity::.ctor()
FNDA:57,System.Void Blog.Domain.Events.Entity::.ctor()
DA:7,57
LF:6
LH:6
BRF:0
BRH:0
FNF:4
FNH:4
end_of_record
SF:D:\dev\back\Blog\Blog.Domain\Events\User\UserCreatedEvent.cs
FN:2,System.String Blog.Domain.Events.User.UserCreatedEvent::get_Username()
FNDA:20,System.String Blog.Domain.Events.User.UserCreatedEvent::get_Username()
DA:3,20
LF:1
LH:1
BRF:0
BRH:0
FNF:1
FNH:1
end_of_record
SF:D:\dev\back\Blog\Blog.Domain\Events\Post\PostCreatedEvent.cs
FN:2,System.String Blog.Domain.Events.Post.PostCreatedEvent::get_PostName()
FNDA:51,System.String Blog.Domain.Events.Post.PostCreatedEvent::get_PostName()
DA:3,51
LF:1
LH:1
BRF:0
BRH:0
FNF:1
FNH:1
end_of_record
SF:D:\dev\back\Blog\Blog.Domain\Events\Post\PostScheduledEvent.cs
FN:2,System.Guid Blog.Domain.Events.Post.PostScheduledEvent::get_PostId()
FNDA:15,System.Guid Blog.Domain.Events.Post.PostScheduledEvent::get_PostId()
DA:3,15
LF:1
LH:1
BRF:0
BRH:0
FNF:1
FNH:1
end_of_record
SF:D:\dev\back\Blog\Blog.Domain\Events\Post\PostUpdatedEvent.cs
FN:2,System.String Blog.Domain.Events.Post.PostUpdatedEvent::get_PostName()
FNDA:0,System.String Blog.Domain.Events.Post.PostUpdatedEvent::get_PostName()
DA:3,0
LF:1
LH:0
BRF:0
BRH:0
FNF:1
FNH:0
end_of_record
SF:D:\dev\back\Blog\Blog.Domain\Events\Comment\CommentCreatedEvent.cs
FN:4,Blog.Domain.Entities.Comment Blog.Domain.Events.Comment.CommentCreatedEvent::get_Comment()
FNDA:1,Blog.Domain.Entities.Comment Blog.Domain.Events.Comment.CommentCreatedEvent::get_Comment()
DA:5,1
LF:1
LH:1
BRF:0
BRH:0
FNF:1
FNH:1
end_of_record
SF:D:\dev\back\Blog\Blog.Domain\Entities\Category.cs
FN:4,System.Guid Blog.Domain.Entities.Category::get_Id()
FNDA:27,System.Guid Blog.Domain.Entities.Category::get_Id()
DA:5,27
FN:5,System.String Blog.Domain.Entities.Category::get_Name()
FNDA:23,System.String Blog.Domain.Entities.Category::get_Name()
DA:6,23
FN:6,System.Collections.Generic.ICollection`1<Blog.Domain.Entities.Post> Blog.Domain.Entities.Category::get_Posts()
FNDA:0,System.Collections.Generic.ICollection`1<Blog.Domain.Entities.Post> Blog.Domain.Entities.Category::get_Posts()
DA:7,0
FN:9,System.Void Blog.Domain.Entities.Category::.ctor()
FNDA:10,System.Void Blog.Domain.Entities.Category::.ctor()
DA:10,10
DA:11,10
DA:13,10
FN:14,System.Void Blog.Domain.Entities.Category::.ctor(System.Guid,System.String)
FNDA:13,System.Void Blog.Domain.Entities.Category::.ctor(System.Guid,System.String)
DA:15,13
DA:16,13
DA:17,13
DA:18,13
DA:19,13
LF:11
LH:10
BRF:0
BRH:0
FNF:5
FNH:4
end_of_record
SF:D:\dev\back\Blog\Blog.Domain\Entities\Comment.cs
FN:6,System.Guid Blog.Domain.Entities.Comment::get_Id()
FNDA:3,System.Guid Blog.Domain.Entities.Comment::get_Id()
DA:7,3
FN:7,System.Nullable`1<System.Guid> Blog.Domain.Entities.Comment::get_ParentId()
FNDA:0,System.Nullable`1<System.Guid> Blog.Domain.Entities.Comment::get_ParentId()
DA:8,0
FN:8,Blog.Domain.Entities.User Blog.Domain.Entities.Comment::get_Author()
FNDA:4,Blog.Domain.Entities.User Blog.Domain.Entities.Comment::get_Author()
DA:9,4
FN:9,System.Guid Blog.Domain.Entities.Comment::get_AuthorId()
FNDA:0,System.Guid Blog.Domain.Entities.Comment::get_AuthorId()
DA:10,0
FN:10,Blog.Domain.Entities.Post Blog.Domain.Entities.Comment::get_Post()
FNDA:0,Blog.Domain.Entities.Post Blog.Domain.Entities.Comment::get_Post()
DA:11,0
FN:11,System.Guid Blog.Domain.Entities.Comment::get_PostId()
FNDA:0,System.Guid Blog.Domain.Entities.Comment::get_PostId()
DA:12,0
FN:12,System.String Blog.Domain.Entities.Comment::get_Content()
FNDA:5,System.String Blog.Domain.Entities.Comment::get_Content()
DA:13,5
FN:13,System.DateTime Blog.Domain.Entities.Comment::get_CreatedAt()
FNDA:3,System.DateTime Blog.Domain.Entities.Comment::get_CreatedAt()
DA:14,3
FN:16,System.Void Blog.Domain.Entities.Comment::.ctor()
FNDA:3,System.Void Blog.Domain.Entities.Comment::.ctor()
DA:17,3
DA:18,3
DA:20,3
FN:21,System.Void Blog.Domain.Entities.Comment::.ctor(System.Guid,System.Nullable`1<System.Guid>,Blog.Domain.Entities.User,Blog.Domain.Entities.Post,System.String)
FNDA:0,System.Void Blog.Domain.Entities.Comment::.ctor(System.Guid,System.Nullable`1<System.Guid>,Blog.Domain.Entities.User,Blog.Domain.Entities.Post,System.String)
DA:22,0
DA:23,0
DA:24,0
DA:25,0
DA:26,0
DA:27,0
DA:28,0
DA:29,0
LF:19
LH:7
BRF:0
BRH:0
FNF:10
FNH:5
end_of_record
SF:D:\dev\back\Blog\Blog.Domain\Entities\Post.cs
FN:10,System.Guid Blog.Domain.Entities.Post::get_Id()
FNDA:47,System.Guid Blog.Domain.Entities.Post::get_Id()
DA:11,47
FN:11,System.String Blog.Domain.Entities.Post::get_Title()
FNDA:79,System.String Blog.Domain.Entities.Post::get_Title()
DA:12,79
FN:12,System.String Blog.Domain.Entities.Post::get_Content()
FNDA:55,System.String Blog.Domain.Entities.Post::get_Content()
DA:13,55
FN:13,System.String Blog.Domain.Entities.Post::get_Slug()
FNDA:27,System.String Blog.Domain.Entities.Post::get_Slug()
DA:14,27
FN:14,Blog.Domain.Entities.PostStatus Blog.Domain.Entities.Post::get_Status()
FNDA:29,Blog.Domain.Entities.PostStatus Blog.Domain.Entities.Post::get_Status()
DA:15,29
FN:15,System.Nullable`1<System.DateTime> Blog.Domain.Entities.Post::get_PublishAt()
FNDA:30,System.Nullable`1<System.DateTime> Blog.Domain.Entities.Post::get_PublishAt()
DA:16,30
FN:16,System.DateTime Blog.Domain.Entities.Post::get_CreatedAt()
FNDA:29,System.DateTime Blog.Domain.Entities.Post::get_CreatedAt()
DA:17,29
FN:17,System.DateTime Blog.Domain.Entities.Post::get_UpdatedAt()
FNDA:29,System.DateTime Blog.Domain.Entities.Post::get_UpdatedAt()
DA:18,29
FN:18,System.Collections.Generic.ICollection`1<Blog.Domain.Entities.User> Blog.Domain.Entities.Post::get_FavoritedBy()
FNDA:0,System.Collections.Generic.ICollection`1<Blog.Domain.Entities.User> Blog.Domain.Entities.Post::get_FavoritedBy()
DA:19,0
FN:21,System.Collections.Generic.IReadOnlyCollection`1<Blog.Domain.Entities.Comment> Blog.Domain.Entities.Post::get_Comments()
FNDA:3,System.Collections.Generic.IReadOnlyCollection`1<Blog.Domain.Entities.Comment> Blog.Domain.Entities.Post::get_Comments()
DA:22,3
FN:24,System.Collections.Generic.IReadOnlyCollection`1<Blog.Domain.Entities.Category> Blog.Domain.Entities.Post::get_Categories()
FNDA:5,System.Collections.Generic.IReadOnlyCollection`1<Blog.Domain.Entities.Category> Blog.Domain.Entities.Post::get_Categories()
DA:25,5
FN:44,System.Void Blog.Domain.Entities.Post::AddComment(Blog.Domain.Entities.Comment)
FNDA:3,System.Void Blog.Domain.Entities.Post::AddComment(Blog.Domain.Entities.Comment)
DA:45,3
DA:47,3
DA:48,2
DA:49,2
DA:52,1
DA:54,1
DA:56,1
BRDA:47,14,0,2
BRDA:47,14,1,1
FN:58,System.Void Blog.Domain.Entities.Post::Publish()
FNDA:20,System.Void Blog.Domain.Entities.Post::Publish()
DA:59,20
DA:60,20
DA:61,1
DA:62,1
DA:63,1
DA:64,19
DA:65,18
DA:66,18
DA:67,18
DA:68,18
DA:69,18
DA:71,18
DA:72,19
DA:73,19
BRDA:60,17,0,1
BRDA:60,17,1,19
BRDA:64,39,0,18
BRDA:64,39,1,19
FN:75,System.Void Blog.Domain.Entities.Post::PublishAtDate(System.DateTime)
FNDA:8,System.Void Blog.Domain.Entities.Post::PublishAtDate(System.DateTime)
DA:76,8
DA:77,9
DA:79,7
DA:80,6
DA:81,6
DA:82,6
DA:83,6
DA:84,6
DA:85,6
DA:87,6
DA:88,6
DA:91,6
BRDA:77,14,0,1
BRDA:77,14,1,7
BRDA:79,35,0,6
BRDA:79,35,1,6
FN:93,System.Void Blog.Domain.Entities.Post::AssignToCategory(Blog.Domain.Entities.Category)
FNDA:29,System.Void Blog.Domain.Entities.Post::AssignToCategory(Blog.Domain.Entities.Category)
DA:94,29
DA:95,30
DA:96,1
DA:97,1
DA:99,28
DA:100,28
BRDA:95,39,0,1
BRDA:95,39,1,28
FN:102,System.Void Blog.Domain.Entities.Post::RemoveAssignedCategory(Blog.Domain.Entities.Category)
FNDA:2,System.Void Blog.Domain.Entities.Post::RemoveAssignedCategory(Blog.Domain.Entities.Category)
DA:103,2
DA:104,3
DA:106,2
DA:107,1
DA:108,1
DA:110,1
DA:111,1
BRDA:106,44,0,1
BRDA:106,44,1,1
FN:113,System.Boolean Blog.Domain.Entities.Post::postHasAnyCategory()
FNDA:26,System.Boolean Blog.Domain.Entities.Post::postHasAnyCategory()
DA:114,26
DA:115,26
DA:116,2
DA:117,2
DA:120,24
DA:121,24
BRDA:115,17,0,2
BRDA:115,17,1,24
FN:123,System.Void Blog.Domain.Entities.Post::generatePostSlug()
FNDA:24,System.Void Blog.Domain.Entities.Post::generatePostSlug()
DA:124,24
DA:125,24
DA:127,24
DA:128,24
FN:20,System.Void Blog.Domain.Entities.Post::.ctor()
FNDA:36,System.Void Blog.Domain.Entities.Post::.ctor()
DA:21,36
DA:24,36
DA:30,0
DA:31,0
DA:33,0
FN:34,System.Void Blog.Domain.Entities.Post::.ctor(System.Guid,System.String,System.String)
FNDA:36,System.Void Blog.Domain.Entities.Post::.ctor(System.Guid,System.String,System.String)
DA:35,36
DA:36,36
DA:37,36
DA:38,36
DA:39,36
DA:40,36
LF:78
LH:74
BRF:16
BRH:16
FNF:20
FNH:19
end_of_record
SF:D:\dev\back\Blog\Blog.Domain\Entities\User.cs
FN:7,System.Guid Blog.Domain.Entities.User::get_Id()
FNDA:18,System.Guid Blog.Domain.Entities.User::get_Id()
DA:8,18
FN:8,System.String Blog.Domain.Entities.User::get_Name()
FNDA:18,System.String Blog.Domain.Entities.User::get_Name()
DA:9,18
FN:9,System.String Blog.Domain.Entities.User::get_Email()
FNDA:18,System.String Blog.Domain.Entities.User::get_Email()
DA:10,18
FN:10,System.String Blog.Domain.Entities.User::get_Password()
FNDA:18,System.String Blog.Domain.Entities.User::get_Password()
DA:11,18
FN:11,System.Collections.Generic.ICollection`1<Blog.Domain.Entities.Comment> Blog.Domain.Entities.User::get_Comments()
FNDA:0,System.Collections.Generic.ICollection`1<Blog.Domain.Entities.Comment> Blog.Domain.Entities.User::get_Comments()
DA:12,0
FN:14,System.Collections.Generic.IReadOnlyCollection`1<Blog.Domain.Entities.Post> Blog.Domain.Entities.User::get_Favorites()
FNDA:6,System.Collections.Generic.IReadOnlyCollection`1<Blog.Domain.Entities.Post> Blog.Domain.Entities.User::get_Favorites()
DA:15,6
FN:31,System.Void Blog.Domain.Entities.User::FavoritePost(Blog.Domain.Entities.Post)
FNDA:3,System.Void Blog.Domain.Entities.User::FavoritePost(Blog.Domain.Entities.Post)
DA:32,3
DA:33,4
DA:35,3
DA:36,2
DA:37,2
DA:38,2
DA:40,1
DA:41,1
DA:42,1
DA:45,3
BRDA:35,44,0,2
BRDA:35,44,1,1
FN:13,System.Void Blog.Domain.Entities.User::.ctor()
FNDA:18,System.Void Blog.Domain.Entities.User::.ctor()
DA:14,18
DA:18,0
FN:19,System.Void Blog.Domain.Entities.User::.ctor(System.Guid,System.String,System.String,System.String)
FNDA:18,System.Void Blog.Domain.Entities.User::.ctor(System.Guid,System.String,System.String,System.String)
DA:20,18
DA:21,18
DA:22,18
DA:23,18
DA:24,18
DA:25,18
DA:27,18
DA:28,18
LF:26
LH:24
BRF:2
BRH:2
FNF:9
FNH:8
end_of_record
SF:D:\dev\back\Blog\Blog.Infra\Services\Notification\MailKitSmtpClientWrapper.cs
FN:33,System.Threading.Tasks.Task MailKitSmtpClientWrapper::DisconnectAsync(System.Boolean,System.Threading.CancellationToken)
FNDA:0,System.Threading.Tasks.Task MailKitSmtpClientWrapper::DisconnectAsync(System.Boolean,System.Threading.CancellationToken)
DA:34,0
DA:35,0
DA:36,0
FN:38,System.Boolean MailKitSmtpClientWrapper::get_SupportsAuthentication()
FNDA:0,System.Boolean MailKitSmtpClientWrapper::get_SupportsAuthentication()
DA:39,0
FN:7,System.Void MailKitSmtpClientWrapper::.ctor()
FNDA:0,System.Void MailKitSmtpClientWrapper::.ctor()
DA:8,0
FN:15,System.Void MailKitSmtpClientWrapper/<AuthenticateAsync>d__2::MoveNext()
FNDA:0,System.Void MailKitSmtpClientWrapper/<AuthenticateAsync>d__2::MoveNext()
DA:16,0
DA:17,0
DA:18,0
FN:10,System.Void MailKitSmtpClientWrapper/<ConnectAsync>d__1::MoveNext()
FNDA:0,System.Void MailKitSmtpClientWrapper/<ConnectAsync>d__1::MoveNext()
DA:11,0
DA:12,0
DA:13,0
FN:20,System.Void MailKitSmtpClientWrapper/<SendAsync>d__3::MoveNext()
FNDA:0,System.Void MailKitSmtpClientWrapper/<SendAsync>d__3::MoveNext()
DA:21,0
DA:22,0
DA:23,0
DA:24,0
DA:25,0
DA:26,0
DA:27,0
DA:28,0
DA:30,0
DA:31,0
BRDA:25,102,0,0
BRDA:25,102,1,0
LF:21
LH:0
BRF:2
BRH:0
FNF:6
FNH:0
end_of_record
SF:D:\dev\back\Blog\Blog.Infra\Services\Notification\MailKitEmailService.cs
FN:16,System.Void Blog.Infra.Services.Notification.MailKitEmailService::.ctor(Microsoft.Extensions.Options.IOptions`1<Blog.Infra.Configs.SmtpConfiguration>,Blog.Shared.Interfaces.ISMTPClientWrapper)
FNDA:5,System.Void Blog.Infra.Services.Notification.MailKitEmailService::.ctor(Microsoft.Extensions.Options.IOptions`1<Blog.Infra.Configs.SmtpConfiguration>,Blog.Shared.Interfaces.ISMTPClientWrapper)
DA:17,5
DA:18,5
DA:19,5
DA:20,5
DA:21,5
FN:22,System.Void Blog.Infra.Services.Notification.MailKitEmailService/<SendAsync>d__3::MoveNext()
FNDA:5,System.Void Blog.Infra.Services.Notification.MailKitEmailService/<SendAsync>d__3::MoveNext()
DA:23,5
DA:26,5
DA:27,5
DA:28,4
DA:29,0
DA:30,0
DA:31,0
DA:33,1
DA:34,1
DA:35,1
DA:38,4
DA:39,3
DA:41,3
DA:42,3
DA:44,2
DA:45,1
DA:46,1
DA:47,1
DA:49,0
DA:50,0
DA:51,0
DA:54,2
DA:56,3
DA:57,3
DA:58,2
DA:59,1
DA:60,1
DA:61,1
DA:64,2
DA:66,2
BRDA:38,279,0,3
BRDA:38,279,1,3
LF:35
LH:29
BRF:2
BRH:2
FNF:2
FNH:2
end_of_record
SF:D:\dev\back\Blog\Blog.Infra\Services\Notification\Models\Subscriber.cs
FN:4,System.Guid Blog.Infra.Services.Notification.Models.Subscriber::get_Id()
FNDA:15,System.Guid Blog.Infra.Services.Notification.Models.Subscriber::get_Id()
DA:5,15
FN:5,System.String Blog.Infra.Services.Notification.Models.Subscriber::get_Email()
FNDA:19,System.String Blog.Infra.Services.Notification.Models.Subscriber::get_Email()
DA:6,19
FN:7,System.Void Blog.Infra.Services.Notification.Models.Subscriber::.ctor()
FNDA:21,System.Void Blog.Infra.Services.Notification.Models.Subscriber::.ctor()
DA:8,21
DA:9,21
DA:11,21
LF:5
LH:5
BRF:0
BRH:0
FNF:3
FNH:3
end_of_record
SF:D:\dev\back\Blog\Blog.Infra\Migrations\20250417212142_initial_migration.cs
FN:12,System.Void Blog.Infra.Migrations.initial_migration::Up(Microsoft.EntityFrameworkCore.Migrations.MigrationBuilder)
FNDA:0,System.Void Blog.Infra.Migrations.initial_migration::Up(Microsoft.EntityFrameworkCore.Migrations.MigrationBuilder)
DA:13,0
DA:14,0
DA:15,0
DA:16,0
DA:17,0
DA:18,0
DA:19,0
DA:20,0
DA:21,0
DA:22,0
DA:23,0
DA:24,0
DA:26,0
DA:27,0
DA:28,0
DA:29,0
DA:30,0
DA:31,0
DA:32,0
DA:33,0
DA:34,0
DA:35,0
DA:36,0
DA:37,0
DA:38,0
DA:39,0
DA:40,0
DA:42,0
DA:43,0
DA:44,0
DA:45,0
DA:46,0
DA:47,0
DA:48,0
DA:49,0
DA:50,0
DA:51,0
DA:52,0
DA:53,0
DA:54,0
DA:55,0
DA:56,0
DA:57,0
DA:58,0
DA:60,0
DA:61,0
DA:62,0
DA:63,0
DA:64,0
DA:65,0
DA:66,0
DA:67,0
DA:68,0
DA:69,0
DA:70,0
DA:71,0
DA:72,0
DA:74,0
DA:75,0
DA:76,0
DA:77,0
DA:78,0
DA:79,0
DA:80,0
DA:81,0
DA:82,0
DA:83,0
DA:84,0
DA:85,0
DA:86,0
DA:87,0
DA:88,0
DA:89,0
DA:90,0
DA:91,0
DA:92,0
DA:93,0
DA:94,0
DA:95,0
DA:96,0
DA:98,0
DA:99,0
DA:100,0
DA:101,0
DA:102,0
DA:103,0
DA:104,0
DA:105,0
DA:106,0
DA:107,0
DA:108,0
DA:109,0
DA:110,0
DA:111,0
DA:112,0
DA:113,0
DA:114,0
DA:115,0
DA:116,0
DA:117,0
DA:118,0
DA:119,0
DA:120,0
DA:121,0
DA:122,0
DA:123,0
DA:124,0
DA:126,0
DA:127,0
DA:128,0
DA:129,0
DA:130,0
DA:131,0
DA:132,0
DA:133,0
DA:134,0
DA:135,0
DA:136,0
DA:137,0
DA:138,0
DA:139,0
DA:140,0
DA:141,0
DA:142,0
DA:143,0
DA:144,0
DA:145,0
DA:146,0
DA:147,0
DA:148,0
DA:150,0
DA:151,0
DA:152,0
DA:153,0
DA:155,0
DA:156,0
DA:157,0
DA:158,0
DA:160,0
DA:161,0
DA:162,0
DA:163,0
DA:165,0
DA:166,0
DA:167,0
DA:168,0
DA:169,0
FN:172,System.Void Blog.Infra.Migrations.initial_migration::Down(Microsoft.EntityFrameworkCore.Migrations.MigrationBuilder)
FNDA:0,System.Void Blog.Infra.Migrations.initial_migration::Down(Microsoft.EntityFrameworkCore.Migrations.MigrationBuilder)
DA:173,0
DA:174,0
DA:175,0
DA:177,0
DA:178,0
DA:180,0
DA:181,0
DA:183,0
DA:184,0
DA:186,0
DA:187,0
DA:189,0
DA:190,0
DA:192,0
DA:193,0
DA:194,0
LF:163
LH:0
BRF:0
BRH:0
FNF:2
FNH:0
end_of_record
SF:D:\dev\back\Blog\Blog.Infra\Migrations\20250417212142_initial_migration.Designer.cs
FN:19,System.Void Blog.Infra.Migrations.initial_migration::BuildTargetModel(Microsoft.EntityFrameworkCore.ModelBuilder)
FNDA:0,System.Void Blog.Infra.Migrations.initial_migration::BuildTargetModel(Microsoft.EntityFrameworkCore.ModelBuilder)
DA:20,0
DA:22,0
DA:23,0
DA:24,0
DA:26,0
DA:28,0
DA:29,0
DA:30,0
DA:31,0
DA:32,0
DA:33,0
DA:34,0
DA:35,0
DA:36,0
DA:37,0
DA:38,0
DA:39,0
DA:40,0
DA:41,0
DA:42,0
DA:43,0
DA:44,0
DA:46,0
DA:47,0
DA:48,0
DA:49,0
DA:50,0
DA:51,0
DA:52,0
DA:53,0
DA:54,0
DA:55,0
DA:56,0
DA:57,0
DA:58,0
DA:59,0
DA:60,0
DA:61,0
DA:62,0
DA:63,0
DA:64,0
DA:65,0
DA:66,0
DA:67,0
DA:68,0
DA:69,0
DA:70,0
DA:71,0
DA:72,0
DA:73,0
DA:74,0
DA:75,0
DA:76,0
DA:77,0
DA:78,0
DA:79,0
DA:81,0
DA:82,0
DA:83,0
DA:84,0
DA:85,0
DA:86,0
DA:87,0
DA:88,0
DA:89,0
DA:90,0
DA:91,0
DA:92,0
DA:93,0
DA:94,0
DA:95,0
DA:96,0
DA:97,0
DA:98,0
DA:99,0
DA:100,0
DA:101,0
DA:102,0
DA:103,0
DA:104,0
DA:105,0
DA:106,0
DA:107,0
DA:108,0
DA:109,0
DA:110,0
DA:111,0
DA:112,0
DA:113,0
DA:114,0
DA:115,0
DA:116,0
DA:117,0
DA:118,0
DA:119,0
DA:120,0
DA:121,0
DA:122,0
DA:124,0
DA:125,0
DA:126,0
DA:127,0
DA:128,0
DA:129,0
DA:130,0
DA:131,0
DA:132,0
DA:133,0
DA:134,0
DA:135,0
DA:136,0
DA:137,0
DA:138,0
DA:139,0
DA:140,0
DA:141,0
DA:142,0
DA:143,0
DA:144,0
DA:145,0
DA:146,0
DA:147,0
DA:148,0
DA:149,0
DA:151,0
DA:152,0
DA:153,0
DA:154,0
DA:155,0
DA:156,0
DA:157,0
DA:158,0
DA:159,0
DA:160,0
DA:161,0
DA:162,0
DA:163,0
DA:164,0
DA:165,0
DA:166,0
DA:167,0
DA:168,0
DA:169,0
DA:170,0
DA:171,0
DA:172,0
DA:173,0
DA:174,0
DA:175,0
DA:176,0
DA:177,0
DA:178,0
DA:179,0
DA:180,0
DA:181,0
DA:182,0
DA:183,0
DA:185,0
DA:186,0
DA:187,0
DA:188,0
DA:189,0
DA:190,0
DA:191,0
DA:192,0
DA:193,0
DA:194,0
DA:195,0
DA:196,0
DA:197,0
DA:198,0
DA:200,0
DA:201,0
DA:202,0
DA:203,0
DA:204,0
DA:205,0
DA:206,0
DA:207,0
DA:208,0
DA:209,0
DA:210,0
DA:211,0
DA:212,0
DA:213,0
DA:215,0
DA:216,0
DA:217,0
DA:218,0
DA:219,0
DA:220,0
DA:221,0
DA:222,0
DA:223,0
DA:224,0
DA:225,0
DA:226,0
DA:227,0
DA:228,0
DA:229,0
DA:230,0
DA:231,0
DA:232,0
DA:234,0
DA:235,0
DA:236,0
DA:237,0
DA:238,0
DA:239,0
DA:240,0
DA:241,0
DA:242,0
DA:243,0
DA:244,0
DA:245,0
DA:246,0
DA:247,0
DA:249,0
DA:250,0
DA:251,0
DA:252,0
DA:253,0
DA:254,0
DA:255,0
DA:256,0
DA:257,0
DA:258,0
DA:259,0
DA:260,0
DA:261,0
DA:262,0
DA:264,0
DA:265,0
DA:266,0
DA:267,0
DA:269,0
DA:270,0
DA:271,0
DA:272,0
DA:274,0
LF:240
LH:0
BRF:0
BRH:0
FNF:1
FNH:0
end_of_record
SF:D:\dev\back\Blog\Blog.Infra\Migrations\20250428214150_ChangedColumnNames.cs
FN:11,System.Void Blog.Infra.Migrations.ChangedColumnNames::Up(Microsoft.EntityFrameworkCore.Migrations.MigrationBuilder)
FNDA:0,System.Void Blog.Infra.Migrations.ChangedColumnNames::Up(Microsoft.EntityFrameworkCore.Migrations.MigrationBuilder)
DA:12,0
DA:13,0
DA:14,0
DA:15,0
DA:17,0
DA:18,0
DA:19,0
DA:21,0
DA:22,0
DA:23,0
DA:25,0
DA:26,0
DA:27,0
DA:29,0
DA:30,0
DA:31,0
DA:32,0
DA:34,0
DA:35,0
DA:36,0
DA:37,0
DA:39,0
DA:40,0
DA:41,0
DA:42,0
DA:44,0
DA:45,0
DA:46,0
DA:47,0
DA:49,0
DA:50,0
DA:51,0
DA:52,0
DA:54,0
DA:55,0
DA:56,0
DA:57,0
DA:59,0
DA:60,0
DA:61,0
DA:62,0
DA:63,0
DA:64,0
DA:65,0
DA:67,0
DA:68,0
DA:69,0
DA:70,0
DA:71,0
DA:72,0
DA:73,0
DA:75,0
DA:76,0
DA:77,0
DA:78,0
DA:79,0
DA:80,0
DA:81,0
DA:83,0
DA:84,0
DA:85,0
DA:86,0
DA:87,0
DA:88,0
DA:89,0
DA:90,0
FN:93,System.Void Blog.Infra.Migrations.ChangedColumnNames::Down(Microsoft.EntityFrameworkCore.Migrations.MigrationBuilder)
FNDA:0,System.Void Blog.Infra.Migrations.ChangedColumnNames::Down(Microsoft.EntityFrameworkCore.Migrations.MigrationBuilder)
DA:94,0
DA:95,0
DA:96,0
DA:97,0
DA:99,0
DA:100,0
DA:101,0
DA:103,0
DA:104,0
DA:105,0
DA:107,0
DA:108,0
DA:109,0
DA:111,0
DA:112,0
DA:113,0
DA:114,0
DA:116,0
DA:117,0
DA:118,0
DA:119,0
DA:121,0
DA:122,0
DA:123,0
DA:124,0
DA:126,0
DA:127,0
DA:128,0
DA:129,0
DA:131,0
DA:132,0
DA:133,0
DA:134,0
DA:136,0
DA:137,0
DA:138,0
DA:139,0
DA:141,0
DA:142,0
DA:143,0
DA:144,0
DA:145,0
DA:146,0
DA:147,0
DA:149,0
DA:150,0
DA:151,0
DA:152,0
DA:153,0
DA:154,0
DA:155,0
DA:157,0
DA:158,0
DA:159,0
DA:160,0
DA:161,0
DA:162,0
DA:163,0
DA:165,0
DA:166,0
DA:167,0
DA:168,0
DA:169,0
DA:170,0
DA:171,0
DA:172,0
LF:132
LH:0
BRF:0
BRH:0
FNF:2
FNH:0
end_of_record
SF:D:\dev\back\Blog\Blog.Infra\Migrations\20250428214150_ChangedColumnNames.Designer.cs
FN:19,System.Void Blog.Infra.Migrations.ChangedColumnNames::BuildTargetModel(Microsoft.EntityFrameworkCore.ModelBuilder)
FNDA:0,System.Void Blog.Infra.Migrations.ChangedColumnNames::BuildTargetModel(Microsoft.EntityFrameworkCore.ModelBuilder)
DA:20,0
DA:22,0
DA:23,0
DA:24,0
DA:26,0
DA:28,0
DA:29,0
DA:30,0
DA:31,0
DA:32,0
DA:33,0
DA:34,0
DA:35,0
DA:36,0
DA:37,0
DA:38,0
DA:39,0
DA:40,0
DA:41,0
DA:42,0
DA:43,0
DA:44,0
DA:46,0
DA:47,0
DA:48,0
DA:49,0
DA:50,0
DA:51,0
DA:52,0
DA:53,0
DA:54,0
DA:55,0
DA:56,0
DA:57,0
DA:58,0
DA:59,0
DA:60,0
DA:61,0
DA:62,0
DA:63,0
DA:64,0
DA:65,0
DA:66,0
DA:67,0
DA:68,0
DA:69,0
DA:70,0
DA:71,0
DA:72,0
DA:73,0
DA:74,0
DA:75,0
DA:76,0
DA:77,0
DA:78,0
DA:79,0
DA:81,0
DA:82,0
DA:83,0
DA:84,0
DA:85,0
DA:86,0
DA:87,0
DA:88,0
DA:89,0
DA:90,0
DA:91,0
DA:92,0
DA:93,0
DA:94,0
DA:95,0
DA:96,0
DA:97,0
DA:98,0
DA:99,0
DA:100,0
DA:101,0
DA:102,0
DA:103,0
DA:104,0
DA:105,0
DA:106,0
DA:107,0
DA:108,0
DA:109,0
DA:110,0
DA:111,0
DA:112,0
DA:113,0
DA:114,0
DA:115,0
DA:116,0
DA:117,0
DA:118,0
DA:119,0
DA:120,0
DA:121,0
DA:122,0
DA:124,0
DA:125,0
DA:126,0
DA:127,0
DA:128,0
DA:129,0
DA:130,0
DA:131,0
DA:132,0
DA:133,0
DA:134,0
DA:135,0
DA:136,0
DA:137,0
DA:138,0
DA:139,0
DA:140,0
DA:141,0
DA:142,0
DA:143,0
DA:144,0
DA:145,0
DA:146,0
DA:147,0
DA:148,0
DA:149,0
DA:151,0
DA:152,0
DA:153,0
DA:154,0
DA:155,0
DA:156,0
DA:157,0
DA:158,0
DA:159,0
DA:160,0
DA:161,0
DA:162,0
DA:163,0
DA:164,0
DA:165,0
DA:166,0
DA:167,0
DA:168,0
DA:169,0
DA:170,0
DA:171,0
DA:172,0
DA:173,0
DA:174,0
DA:175,0
DA:176,0
DA:177,0
DA:178,0
DA:179,0
DA:180,0
DA:181,0
DA:182,0
DA:183,0
DA:185,0
DA:186,0
DA:187,0
DA:188,0
DA:189,0
DA:190,0
DA:191,0
DA:192,0
DA:193,0
DA:194,0
DA:195,0
DA:196,0
DA:197,0
DA:198,0
DA:200,0
DA:201,0
DA:202,0
DA:203,0
DA:204,0
DA:205,0
DA:206,0
DA:207,0
DA:208,0
DA:209,0
DA:210,0
DA:211,0
DA:212,0
DA:213,0
DA:215,0
DA:216,0
DA:217,0
DA:218,0
DA:219,0
DA:220,0
DA:221,0
DA:222,0
DA:223,0
DA:224,0
DA:225,0
DA:226,0
DA:227,0
DA:228,0
DA:229,0
DA:230,0
DA:231,0
DA:232,0
DA:234,0
DA:235,0
DA:236,0
DA:237,0
DA:238,0
DA:239,0
DA:240,0
DA:241,0
DA:242,0
DA:243,0
DA:244,0
DA:245,0
DA:246,0
DA:247,0
DA:249,0
DA:250,0
DA:251,0
DA:252,0
DA:253,0
DA:254,0
DA:255,0
DA:256,0
DA:257,0
DA:258,0
DA:259,0
DA:260,0
DA:261,0
DA:262,0
DA:263,0
DA:265,0
DA:266,0
DA:267,0
DA:268,0
DA:270,0
DA:271,0
DA:272,0
DA:273,0
DA:275,0
LF:241
LH:0
BRF:0
BRH:0
FNF:1
FNH:0
end_of_record
SF:D:\dev\back\Blog\Blog.Infra\Migrations\20250429222841_ChangedTimestampToTimestamptz.cs
FN:12,System.Void Blog.Infra.Migrations.ChangedTimestampToTimestamptz::Up(Microsoft.EntityFrameworkCore.Migrations.MigrationBuilder)
FNDA:0,System.Void Blog.Infra.Migrations.ChangedTimestampToTimestamptz::Up(Microsoft.EntityFrameworkCore.Migrations.MigrationBuilder)
DA:13,0
DA:14,0
DA:15,0
DA:16,0
DA:17,0
DA:18,0
DA:19,0
DA:20,0
DA:22,0
DA:23,0
DA:24,0
DA:25,0
DA:26,0
DA:27,0
DA:28,0
DA:29,0
DA:31,0
DA:32,0
DA:33,0
DA:34,0
DA:35,0
DA:36,0
DA:37,0
DA:39,0
DA:40,0
DA:41,0
DA:42,0
DA:43,0
DA:44,0
DA:45,0
DA:46,0
DA:48,0
DA:49,0
DA:50,0
DA:51,0
DA:52,0
DA:53,0
DA:54,0
DA:56,0
DA:57,0
DA:58,0
DA:59,0
DA:60,0
DA:61,0
DA:62,0
DA:63,0
FN:66,System.Void Blog.Infra.Migrations.ChangedTimestampToTimestamptz::Down(Microsoft.EntityFrameworkCore.Migrations.MigrationBuilder)
FNDA:0,System.Void Blog.Infra.Migrations.ChangedTimestampToTimestamptz::Down(Microsoft.EntityFrameworkCore.Migrations.MigrationBuilder)
DA:67,0
DA:68,0
DA:69,0
DA:70,0
DA:71,0
DA:72,0
DA:73,0
DA:74,0
DA:76,0
DA:77,0
DA:78,0
DA:79,0
DA:80,0
DA:81,0
DA:82,0
DA:83,0
DA:85,0
DA:86,0
DA:87,0
DA:88,0
DA:89,0
DA:90,0
DA:91,0
DA:93,0
DA:94,0
DA:95,0
DA:96,0
DA:97,0
DA:98,0
DA:99,0
DA:100,0
DA:102,0
DA:103,0
DA:104,0
DA:105,0
DA:106,0
DA:107,0
DA:108,0
DA:110,0
DA:111,0
DA:112,0
DA:113,0
DA:114,0
DA:115,0
DA:116,0
DA:117,0
LF:92
LH:0
BRF:0
BRH:0
FNF:2
FNH:0
end_of_record
SF:D:\dev\back\Blog\Blog.Infra\Migrations\20250429222841_ChangedTimestampToTimestamptz.Designer.cs
FN:19,System.Void Blog.Infra.Migrations.ChangedTimestampToTimestamptz::BuildTargetModel(Microsoft.EntityFrameworkCore.ModelBuilder)
FNDA:0,System.Void Blog.Infra.Migrations.ChangedTimestampToTimestamptz::BuildTargetModel(Microsoft.EntityFrameworkCore.ModelBuilder)
DA:20,0
DA:22,0
DA:23,0
DA:24,0
DA:26,0
DA:28,0
DA:29,0
DA:30,0
DA:31,0
DA:32,0
DA:33,0
DA:34,0
DA:35,0
DA:36,0
DA:37,0
DA:38,0
DA:39,0
DA:40,0
DA:41,0
DA:42,0
DA:43,0
DA:44,0
DA:46,0
DA:47,0
DA:48,0
DA:49,0
DA:50,0
DA:51,0
DA:52,0
DA:53,0
DA:54,0
DA:55,0
DA:56,0
DA:57,0
DA:58,0
DA:59,0
DA:60,0
DA:61,0
DA:62,0
DA:63,0
DA:64,0
DA:65,0
DA:66,0
DA:67,0
DA:68,0
DA:69,0
DA:70,0
DA:71,0
DA:72,0
DA:73,0
DA:74,0
DA:75,0
DA:76,0
DA:77,0
DA:78,0
DA:79,0
DA:81,0
DA:82,0
DA:83,0
DA:84,0
DA:85,0
DA:86,0
DA:87,0
DA:88,0
DA:89,0
DA:90,0
DA:91,0
DA:92,0
DA:93,0
DA:94,0
DA:95,0
DA:96,0
DA:97,0
DA:98,0
DA:99,0
DA:100,0
DA:101,0
DA:102,0
DA:103,0
DA:104,0
DA:105,0
DA:106,0
DA:107,0
DA:108,0
DA:109,0
DA:110,0
DA:111,0
DA:112,0
DA:113,0
DA:114,0
DA:115,0
DA:116,0
DA:117,0
DA:118,0
DA:119,0
DA:120,0
DA:121,0
DA:122,0
DA:124,0
DA:125,0
DA:126,0
DA:127,0
DA:128,0
DA:129,0
DA:130,0
DA:131,0
DA:132,0
DA:133,0
DA:134,0
DA:135,0
DA:136,0
DA:137,0
DA:138,0
DA:139,0
DA:140,0
DA:141,0
DA:142,0
DA:143,0
DA:144,0
DA:145,0
DA:146,0
DA:147,0
DA:148,0
DA:149,0
DA:151,0
DA:152,0
DA:153,0
DA:154,0
DA:155,0
DA:156,0
DA:157,0
DA:158,0
DA:159,0
DA:160,0
DA:161,0
DA:162,0
DA:163,0
DA:164,0
DA:165,0
DA:166,0
DA:167,0
DA:168,0
DA:169,0
DA:170,0
DA:171,0
DA:172,0
DA:173,0
DA:174,0
DA:175,0
DA:176,0
DA:177,0
DA:178,0
DA:179,0
DA:180,0
DA:181,0
DA:182,0
DA:183,0
DA:185,0
DA:186,0
DA:187,0
DA:188,0
DA:189,0
DA:190,0
DA:191,0
DA:192,0
DA:193,0
DA:194,0
DA:195,0
DA:196,0
DA:197,0
DA:198,0
DA:200,0
DA:201,0
DA:202,0
DA:203,0
DA:204,0
DA:205,0
DA:206,0
DA:207,0
DA:208,0
DA:209,0
DA:210,0
DA:211,0
DA:212,0
DA:213,0
DA:215,0
DA:216,0
DA:217,0
DA:218,0
DA:219,0
DA:220,0
DA:221,0
DA:222,0
DA:223,0
DA:224,0
DA:225,0
DA:226,0
DA:227,0
DA:228,0
DA:229,0
DA:230,0
DA:231,0
DA:232,0
DA:234,0
DA:235,0
DA:236,0
DA:237,0
DA:238,0
DA:239,0
DA:240,0
DA:241,0
DA:242,0
DA:243,0
DA:244,0
DA:245,0
DA:246,0
DA:247,0
DA:249,0
DA:250,0
DA:251,0
DA:252,0
DA:253,0
DA:254,0
DA:255,0
DA:256,0
DA:257,0
DA:258,0
DA:259,0
DA:260,0
DA:261,0
DA:262,0
DA:263,0
DA:265,0
DA:266,0
DA:267,0
DA:268,0
DA:270,0
DA:271,0
DA:272,0
DA:273,0
DA:275,0
LF:241
LH:0
BRF:0
BRH:0
FNF:1
FNH:0
end_of_record
SF:D:\dev\back\Blog\Blog.Infra\Migrations\20250505211337_ChangedStatusFromIntToVarchar.cs
FN:11,System.Void Blog.Infra.Migrations.ChangedStatusFromIntToVarchar::Up(Microsoft.EntityFrameworkCore.Migrations.MigrationBuilder)
FNDA:0,System.Void Blog.Infra.Migrations.ChangedStatusFromIntToVarchar::Up(Microsoft.EntityFrameworkCore.Migrations.MigrationBuilder)
DA:12,0
DA:13,0
DA:14,0
DA:15,0
DA:16,0
DA:17,0
DA:18,0
DA:19,0
DA:21,0
DA:22,0
DA:23,0
DA:24,0
DA:25,0
DA:26,0
DA:27,0
DA:28,0
FN:31,System.Void Blog.Infra.Migrations.ChangedStatusFromIntToVarchar::Down(Microsoft.EntityFrameworkCore.Migrations.MigrationBuilder)
FNDA:0,System.Void Blog.Infra.Migrations.ChangedStatusFromIntToVarchar::Down(Microsoft.EntityFrameworkCore.Migrations.MigrationBuilder)
DA:32,0
DA:33,0
DA:34,0
DA:35,0
DA:36,0
DA:37,0
DA:38,0
DA:39,0
DA:41,0
DA:42,0
DA:43,0
DA:44,0
DA:45,0
DA:46,0
DA:47,0
DA:48,0
LF:32
LH:0
BRF:0
BRH:0
FNF:2
FNH:0
end_of_record
SF:D:\dev\back\Blog\Blog.Infra\Migrations\20250505211337_ChangedStatusFromIntToVarchar.Designer.cs
FN:19,System.Void Blog.Infra.Migrations.ChangedStatusFromIntToVarchar::BuildTargetModel(Microsoft.EntityFrameworkCore.ModelBuilder)
FNDA:0,System.Void Blog.Infra.Migrations.ChangedStatusFromIntToVarchar::BuildTargetModel(Microsoft.EntityFrameworkCore.ModelBuilder)
DA:20,0
DA:22,0
DA:23,0
DA:24,0
DA:26,0
DA:28,0
DA:29,0
DA:30,0
DA:31,0
DA:32,0
DA:33,0
DA:34,0
DA:35,0
DA:36,0
DA:37,0
DA:38,0
DA:39,0
DA:40,0
DA:41,0
DA:42,0
DA:43,0
DA:44,0
DA:46,0
DA:47,0
DA:48,0
DA:49,0
DA:50,0
DA:51,0
DA:52,0
DA:53,0
DA:54,0
DA:55,0
DA:56,0
DA:57,0
DA:58,0
DA:59,0
DA:60,0
DA:61,0
DA:62,0
DA:63,0
DA:64,0
DA:65,0
DA:66,0
DA:67,0
DA:68,0
DA:69,0
DA:70,0
DA:71,0
DA:72,0
DA:73,0
DA:74,0
DA:75,0
DA:76,0
DA:77,0
DA:78,0
DA:79,0
DA:81,0
DA:82,0
DA:83,0
DA:84,0
DA:85,0
DA:86,0
DA:87,0
DA:88,0
DA:89,0
DA:90,0
DA:91,0
DA:92,0
DA:93,0
DA:94,0
DA:95,0
DA:96,0
DA:97,0
DA:98,0
DA:99,0
DA:100,0
DA:101,0
DA:102,0
DA:103,0
DA:104,0
DA:105,0
DA:106,0
DA:107,0
DA:108,0
DA:109,0
DA:110,0
DA:111,0
DA:112,0
DA:113,0
DA:114,0
DA:115,0
DA:116,0
DA:117,0
DA:118,0
DA:119,0
DA:120,0
DA:121,0
DA:122,0
DA:123,0
DA:125,0
DA:126,0
DA:127,0
DA:128,0
DA:129,0
DA:130,0
DA:131,0
DA:132,0
DA:133,0
DA:134,0
DA:135,0
DA:136,0
DA:137,0
DA:138,0
DA:139,0
DA:140,0
DA:141,0
DA:142,0
DA:143,0
DA:144,0
DA:145,0
DA:146,0
DA:147,0
DA:148,0
DA:149,0
DA:150,0
DA:152,0
DA:153,0
DA:154,0
DA:155,0
DA:156,0
DA:157,0
DA:158,0
DA:159,0
DA:160,0
DA:161,0
DA:162,0
DA:163,0
DA:164,0
DA:165,0
DA:166,0
DA:167,0
DA:168,0
DA:169,0
DA:170,0
DA:171,0
DA:172,0
DA:173,0
DA:174,0
DA:175,0
DA:176,0
DA:177,0
DA:178,0
DA:179,0
DA:180,0
DA:181,0
DA:182,0
DA:183,0
DA:184,0
DA:185,0
DA:187,0
DA:188,0
DA:189,0
DA:190,0
DA:191,0
DA:192,0
DA:193,0
DA:194,0
DA:195,0
DA:196,0
DA:197,0
DA:198,0
DA:199,0
DA:200,0
DA:202,0
DA:203,0
DA:204,0
DA:205,0
DA:206,0
DA:207,0
DA:208,0
DA:209,0
DA:210,0
DA:211,0
DA:212,0
DA:213,0
DA:214,0
DA:215,0
DA:217,0
DA:218,0
DA:219,0
DA:220,0
DA:221,0
DA:222,0
DA:223,0
DA:224,0
DA:225,0
DA:226,0
DA:227,0
DA:228,0
DA:229,0
DA:230,0
DA:231,0
DA:232,0
DA:233,0
DA:234,0
DA:236,0
DA:237,0
DA:238,0
DA:239,0
DA:240,0
DA:241,0
DA:242,0
DA:243,0
DA:244,0
DA:245,0
DA:246,0
DA:247,0
DA:248,0
DA:249,0
DA:251,0
DA:252,0
DA:253,0
DA:254,0
DA:255,0
DA:256,0
DA:257,0
DA:258,0
DA:259,0
DA:260,0
DA:261,0
DA:262,0
DA:263,0
DA:264,0
DA:265,0
DA:267,0
DA:268,0
DA:269,0
DA:270,0
DA:272,0
DA:273,0
DA:274,0
DA:275,0
DA:277,0
LF:243
LH:0
BRF:0
BRH:0
FNF:1
FNH:0
end_of_record
SF:D:\dev\back\Blog\Blog.Infra\Migrations\20250507201347_CreatedNewTableSubscriber.cs
FN:12,System.Void Blog.Infra.Migrations.CreatedNewTableSubscriber::Up(Microsoft.EntityFrameworkCore.Migrations.MigrationBuilder)
FNDA:0,System.Void Blog.Infra.Migrations.CreatedNewTableSubscriber::Up(Microsoft.EntityFrameworkCore.Migrations.MigrationBuilder)
DA:13,0
DA:14,0
DA:15,0
DA:16,0
DA:17,0
DA:18,0
DA:19,0
DA:20,0
DA:21,0
DA:22,0
DA:23,0
DA:24,0
DA:25,0
FN:28,System.Void Blog.Infra.Migrations.CreatedNewTableSubscriber::Down(Microsoft.EntityFrameworkCore.Migrations.MigrationBuilder)
FNDA:0,System.Void Blog.Infra.Migrations.CreatedNewTableSubscriber::Down(Microsoft.EntityFrameworkCore.Migrations.MigrationBuilder)
DA:29,0
DA:30,0
DA:31,0
DA:32,0
LF:17
LH:0
BRF:0
BRH:0
FNF:2
FNH:0
end_of_record
SF:D:\dev\back\Blog\Blog.Infra\Migrations\20250507201347_CreatedNewTableSubscriber.Designer.cs
FN:19,System.Void Blog.Infra.Migrations.CreatedNewTableSubscriber::BuildTargetModel(Microsoft.EntityFrameworkCore.ModelBuilder)
FNDA:0,System.Void Blog.Infra.Migrations.CreatedNewTableSubscriber::BuildTargetModel(Microsoft.EntityFrameworkCore.ModelBuilder)
DA:20,0
DA:22,0
DA:23,0
DA:24,0
DA:26,0
DA:28,0
DA:29,0
DA:30,0
DA:31,0
DA:32,0
DA:33,0
DA:34,0
DA:35,0
DA:36,0
DA:37,0
DA:38,0
DA:39,0
DA:40,0
DA:41,0
DA:42,0
DA:43,0
DA:44,0
DA:46,0
DA:47,0
DA:48,0
DA:49,0
DA:50,0
DA:51,0
DA:52,0
DA:53,0
DA:54,0
DA:55,0
DA:56,0
DA:57,0
DA:58,0
DA:59,0
DA:60,0
DA:61,0
DA:62,0
DA:63,0
DA:64,0
DA:65,0
DA:66,0
DA:67,0
DA:68,0
DA:69,0
DA:70,0
DA:71,0
DA:72,0
DA:73,0
DA:74,0
DA:75,0
DA:76,0
DA:77,0
DA:78,0
DA:79,0
DA:81,0
DA:82,0
DA:83,0
DA:84,0
DA:85,0
DA:86,0
DA:87,0
DA:88,0
DA:89,0
DA:90,0
DA:91,0
DA:92,0
DA:93,0
DA:94,0
DA:95,0
DA:96,0
DA:97,0
DA:98,0
DA:99,0
DA:100,0
DA:101,0
DA:102,0
DA:103,0
DA:104,0
DA:105,0
DA:106,0
DA:107,0
DA:108,0
DA:109,0
DA:110,0
DA:111,0
DA:112,0
DA:113,0
DA:114,0
DA:115,0
DA:116,0
DA:117,0
DA:118,0
DA:119,0
DA:120,0
DA:121,0
DA:122,0
DA:123,0
DA:125,0
DA:126,0
DA:127,0
DA:128,0
DA:129,0
DA:130,0
DA:131,0
DA:132,0
DA:133,0
DA:134,0
DA:135,0
DA:136,0
DA:137,0
DA:138,0
DA:139,0
DA:140,0
DA:141,0
DA:142,0
DA:143,0
DA:144,0
DA:145,0
DA:146,0
DA:147,0
DA:148,0
DA:149,0
DA:150,0
DA:152,0
DA:153,0
DA:154,0
DA:155,0
DA:156,0
DA:157,0
DA:158,0
DA:159,0
DA:160,0
DA:161,0
DA:162,0
DA:163,0
DA:164,0
DA:165,0
DA:166,0
DA:167,0
DA:168,0
DA:169,0
DA:170,0
DA:171,0
DA:172,0
DA:173,0
DA:174,0
DA:175,0
DA:176,0
DA:177,0
DA:178,0
DA:179,0
DA:180,0
DA:181,0
DA:182,0
DA:183,0
DA:184,0
DA:185,0
DA:187,0
DA:188,0
DA:189,0
DA:190,0
DA:191,0
DA:192,0
DA:193,0
DA:194,0
DA:195,0
DA:196,0
DA:197,0
DA:198,0
DA:199,0
DA:200,0
DA:201,0
DA:202,0
DA:204,0
DA:205,0
DA:206,0
DA:207,0
DA:208,0
DA:209,0
DA:210,0
DA:211,0
DA:212,0
DA:213,0
DA:214,0
DA:215,0
DA:216,0
DA:217,0
DA:219,0
DA:220,0
DA:221,0
DA:222,0
DA:223,0
DA:224,0
DA:225,0
DA:226,0
DA:227,0
DA:228,0
DA:229,0
DA:230,0
DA:231,0
DA:232,0
DA:234,0
DA:235,0
DA:236,0
DA:237,0
DA:238,0
DA:239,0
DA:240,0
DA:241,0
DA:242,0
DA:243,0
DA:244,0
DA:245,0
DA:246,0
DA:247,0
DA:248,0
DA:249,0
DA:250,0
DA:251,0
DA:253,0
DA:254,0
DA:255,0
DA:256,0
DA:257,0
DA:258,0
DA:259,0
DA:260,0
DA:261,0
DA:262,0
DA:263,0
DA:264,0
DA:265,0
DA:266,0
DA:268,0
DA:269,0
DA:270,0
DA:271,0
DA:272,0
DA:273,0
DA:274,0
DA:275,0
DA:276,0
DA:277,0
DA:278,0
DA:279,0
DA:280,0
DA:281,0
DA:282,0
DA:284,0
DA:285,0
DA:286,0
DA:287,0
DA:289,0
DA:290,0
DA:291,0
DA:292,0
DA:294,0
LF:259
LH:0
BRF:0
BRH:0
FNF:1
FNH:0
end_of_record
SF:D:\dev\back\Blog\Blog.Infra\Migrations\BlogDbContextModelSnapshot.cs
FN:16,System.Void Blog.Infra.Migrations.BlogDbContextModelSnapshot::BuildModel(Microsoft.EntityFrameworkCore.ModelBuilder)
FNDA:0,System.Void Blog.Infra.Migrations.BlogDbContextModelSnapshot::BuildModel(Microsoft.EntityFrameworkCore.ModelBuilder)
DA:17,0
DA:19,0
DA:20,0
DA:21,0
DA:23,0
DA:25,0
DA:26,0
DA:27,0
DA:28,0
DA:29,0
DA:30,0
DA:31,0
DA:32,0
DA:33,0
DA:34,0
DA:35,0
DA:36,0
DA:37,0
DA:38,0
DA:39,0
DA:40,0
DA:41,0
DA:43,0
DA:44,0
DA:45,0
DA:46,0
DA:47,0
DA:48,0
DA:49,0
DA:50,0
DA:51,0
DA:52,0
DA:53,0
DA:54,0
DA:55,0
DA:56,0
DA:57,0
DA:58,0
DA:59,0
DA:60,0
DA:61,0
DA:62,0
DA:63,0
DA:64,0
DA:65,0
DA:66,0
DA:67,0
DA:68,0
DA:69,0
DA:70,0
DA:71,0
DA:72,0
DA:73,0
DA:74,0
DA:75,0
DA:76,0
DA:78,0
DA:79,0
DA:80,0
DA:81,0
DA:82,0
DA:83,0
DA:84,0
DA:85,0
DA:86,0
DA:87,0
DA:88,0
DA:89,0
DA:90,0
DA:91,0
DA:92,0
DA:93,0
DA:94,0
DA:95,0
DA:96,0
DA:97,0
DA:98,0
DA:99,0
DA:100,0
DA:101,0
DA:102,0
DA:103,0
DA:104,0
DA:105,0
DA:106,0
DA:107,0
DA:108,0
DA:109,0
DA:110,0
DA:111,0
DA:112,0
DA:113,0
DA:114,0
DA:115,0
DA:116,0
DA:117,0
DA:118,0
DA:119,0
DA:120,0
DA:122,0
DA:123,0
DA:124,0
DA:125,0
DA:126,0
DA:127,0
DA:128,0
DA:129,0
DA:130,0
DA:131,0
DA:132,0
DA:133,0
DA:134,0
DA:135,0
DA:136,0
DA:137,0
DA:138,0
DA:139,0
DA:140,0
DA:141,0
DA:142,0
DA:143,0
DA:144,0
DA:145,0
DA:146,0
DA:147,0
DA:149,0
DA:150,0
DA:151,0
DA:152,0
DA:153,0
DA:154,0
DA:155,0
DA:156,0
DA:157,0
DA:158,0
DA:159,0
DA:160,0
DA:161,0
DA:162,0
DA:163,0
DA:164,0
DA:165,0
DA:166,0
DA:167,0
DA:168,0
DA:169,0
DA:170,0
DA:171,0
DA:172,0
DA:173,0
DA:174,0
DA:175,0
DA:176,0
DA:177,0
DA:178,0
DA:179,0
DA:180,0
DA:181,0
DA:182,0
DA:184,0
DA:185,0
DA:186,0
DA:187,0
DA:188,0
DA:189,0
DA:190,0
DA:191,0
DA:192,0
DA:193,0
DA:194,0
DA:195,0
DA:196,0
DA:197,0
DA:198,0
DA:199,0
DA:201,0
DA:202,0
DA:203,0
DA:204,0
DA:205,0
DA:206,0
DA:207,0
DA:208,0
DA:209,0
DA:210,0
DA:211,0
DA:212,0
DA:213,0
DA:214,0
DA:216,0
DA:217,0
DA:218,0
DA:219,0
DA:220,0
DA:221,0
DA:222,0
DA:223,0
DA:224,0
DA:225,0
DA:226,0
DA:227,0
DA:228,0
DA:229,0
DA:231,0
DA:232,0
DA:233,0
DA:234,0
DA:235,0
DA:236,0
DA:237,0
DA:238,0
DA:239,0
DA:240,0
DA:241,0
DA:242,0
DA:243,0
DA:244,0
DA:245,0
DA:246,0
DA:247,0
DA:248,0
DA:250,0
DA:251,0
DA:252,0
DA:253,0
DA:254,0
DA:255,0
DA:256,0
DA:257,0
DA:258,0
DA:259,0
DA:260,0
DA:261,0
DA:262,0
DA:263,0
DA:265,0
DA:266,0
DA:267,0
DA:268,0
DA:269,0
DA:270,0
DA:271,0
DA:272,0
DA:273,0
DA:274,0
DA:275,0
DA:276,0
DA:277,0
DA:278,0
DA:279,0
DA:281,0
DA:282,0
DA:283,0
DA:284,0
DA:286,0
DA:287,0
DA:288,0
DA:289,0
DA:291,0
LF:259
LH:0
BRF:0
BRH:0
FNF:1
FNH:0
end_of_record
SF:D:\dev\back\Blog\Blog.Infra\Context\AddDomainEventInterceptor.cs
FN:25,Blog.Domain.Events.Entity Blog.Infra.Context.AddDomainEventInterceptor/<>c::<AddDomainEvents>b__1_0(Microsoft.EntityFrameworkCore.ChangeTracking.EntityEntry`1<Blog.Domain.Events.Entity>)
FNDA:13,Blog.Domain.Events.Entity Blog.Infra.Context.AddDomainEventInterceptor/<>c::<AddDomainEvents>b__1_0(Microsoft.EntityFrameworkCore.ChangeTracking.EntityEntry`1<Blog.Domain.Events.Entity>)
DA:26,13
FN:27,System.Collections.Generic.IEnumerable`1<Blog.Domain.Events.DomainEvent> Blog.Infra.Context.AddDomainEventInterceptor/<>c::<AddDomainEvents>b__1_1(Blog.Domain.Events.Entity)
FNDA:13,System.Collections.Generic.IEnumerable`1<Blog.Domain.Events.DomainEvent> Blog.Infra.Context.AddDomainEventInterceptor/<>c::<AddDomainEvents>b__1_1(Blog.Domain.Events.Entity)
DA:28,13
DA:29,13
DA:31,13
DA:33,13
DA:35,13
DA:36,14
DA:37,13
DA:38,14
DA:39,14
DA:40,13
DA:41,14
DA:42,27
DA:44,16
BRDA:31,19,0,0
BRDA:31,19,1,13
FN:46,System.Void Blog.Infra.Context.AddDomainEventInterceptor/<>c__DisplayClass1_0::<AddDomainEvents>b__2()
FNDA:20,System.Void Blog.Infra.Context.AddDomainEventInterceptor/<>c__DisplayClass1_0::<AddDomainEvents>b__2()
DA:47,20
BRDA:47,13,0,3
BRDA:47,13,1,3
FN:19,System.Void Blog.Infra.Context.AddDomainEventInterceptor/<AddDomainEvents>d__1::MoveNext()
FNDA:3,System.Void Blog.Infra.Context.AddDomainEventInterceptor/<AddDomainEvents>d__1::MoveNext()
DA:20,3
DA:23,3
DA:24,3
DA:25,3
DA:27,3
DA:30,3
DA:32,3
DA:34,3
DA:43,3
DA:48,3
FN:11,System.Void Blog.Infra.Context.AddDomainEventInterceptor/<SavingChangesAsync>d__0::MoveNext()
FNDA:3,System.Void Blog.Infra.Context.AddDomainEventInterceptor/<SavingChangesAsync>d__0::MoveNext()
DA:12,3
DA:13,6
DA:15,3
DA:16,3
BRDA:13,34,0,3
BRDA:13,34,1,3
LF:29
LH:29
BRF:6
BRH:5
FNF:5
FNH:5
end_of_record
SF:D:\dev\back\Blog\Blog.Infra\Context\BlogDbContext.cs
FN:12,Microsoft.EntityFrameworkCore.DbSet`1<Blog.Domain.Entities.User> Blog.Infra.Context.BlogDbContext::get_User()
FNDA:6,Microsoft.EntityFrameworkCore.DbSet`1<Blog.Domain.Entities.User> Blog.Infra.Context.BlogDbContext::get_User()
DA:13,6
FN:13,Microsoft.EntityFrameworkCore.DbSet`1<Blog.Domain.Entities.Post> Blog.Infra.Context.BlogDbContext::get_Post()
FNDA:18,Microsoft.EntityFrameworkCore.DbSet`1<Blog.Domain.Entities.Post> Blog.Infra.Context.BlogDbContext::get_Post()
DA:14,18
FN:14,Microsoft.EntityFrameworkCore.DbSet`1<Blog.Domain.Entities.Comment> Blog.Infra.Context.BlogDbContext::get_Comment()
FNDA:5,Microsoft.EntityFrameworkCore.DbSet`1<Blog.Domain.Entities.Comment> Blog.Infra.Context.BlogDbContext::get_Comment()
DA:15,5
FN:15,Microsoft.EntityFrameworkCore.DbSet`1<Blog.Domain.Entities.Category> Blog.Infra.Context.BlogDbContext::get_Category()
FNDA:10,Microsoft.EntityFrameworkCore.DbSet`1<Blog.Domain.Entities.Category> Blog.Infra.Context.BlogDbContext::get_Category()
DA:16,10
FN:16,Microsoft.EntityFrameworkCore.DbSet`1<Blog.Domain.Events.DomainEvent> Blog.Infra.Context.BlogDbContext::get_DomainEvent()
FNDA:6,Microsoft.EntityFrameworkCore.DbSet`1<Blog.Domain.Events.DomainEvent> Blog.Infra.Context.BlogDbContext::get_DomainEvent()
DA:17,6
FN:17,Microsoft.EntityFrameworkCore.DbSet`1<Blog.Infra.Services.Notification.Models.Subscriber> Blog.Infra.Context.BlogDbContext::get_Subscriber()
FNDA:15,Microsoft.EntityFrameworkCore.DbSet`1<Blog.Infra.Services.Notification.Models.Subscriber> Blog.Infra.Context.BlogDbContext::get_Subscriber()
DA:18,15
FN:26,System.Void Blog.Infra.Context.BlogDbContext::OnModelCreating(Microsoft.EntityFrameworkCore.ModelBuilder)
FNDA:1,System.Void Blog.Infra.Context.BlogDbContext::OnModelCreating(Microsoft.EntityFrameworkCore.ModelBuilder)
DA:27,1
DA:28,1
DA:29,1
DA:30,1
FN:21,System.Void Blog.Infra.Context.BlogDbContext::.ctor(Microsoft.EntityFrameworkCore.DbContextOptions`1<Blog.Infra.Context.BlogDbContext>)
FNDA:5,System.Void Blog.Infra.Context.BlogDbContext::.ctor(Microsoft.EntityFrameworkCore.DbContextOptions`1<Blog.Infra.Context.BlogDbContext>)
DA:22,5
DA:23,5
DA:24,5
LF:13
LH:13
BRF:0
BRH:0
FNF:8
FNH:8
end_of_record
SF:D:\dev\back\Blog\Blog.Infra\Context\BlogDbContextConfigurator.cs
FN:9,System.Void Blog.Infra.Context.BlogDbContextConfigurator::Configure(Microsoft.EntityFrameworkCore.DbContextOptionsBuilder,Microsoft.Extensions.Configuration.IConfiguration)
FNDA:0,System.Void Blog.Infra.Context.BlogDbContextConfigurator::Configure(Microsoft.EntityFrameworkCore.DbContextOptionsBuilder,Microsoft.Extensions.Configuration.IConfiguration)
DA:10,0
DA:11,0
DA:13,0
DA:15,0
DA:17,0
DA:18,0
LF:6
LH:0
BRF:0
BRH:0
FNF:1
FNH:0
end_of_record
SF:D:\dev\back\Blog\Blog.Infra\Context\BlogDbContextFactory.cs
FN:9,Blog.Infra.Context.BlogDbContext Blog.Infra.Context.BlogDbContextFactory::CreateDbContext(System.String[])
FNDA:0,Blog.Infra.Context.BlogDbContext Blog.Infra.Context.BlogDbContextFactory::CreateDbContext(System.String[])
DA:10,0
DA:11,0
DA:13,0
DA:15,0
DA:17,0
DA:18,0
FN:20,System.Void Blog.Infra.Context.BlogDbContextFactory::BuildConfiguration(Microsoft.Extensions.Configuration.IConfiguration&)
FNDA:0,System.Void Blog.Infra.Context.BlogDbContextFactory::BuildConfiguration(Microsoft.Extensions.Configuration.IConfiguration&)
DA:21,0
DA:22,0
DA:23,0
DA:24,0
DA:25,0
DA:26,0
DA:27,0
DA:28,0
LF:14
LH:0
BRF:0
BRH:0
FNF:2
FNH:0
end_of_record
SF:D:\dev\back\Blog\Blog.Infra\Configs\DatabaseConfiguration.cs
FN:4,System.String Blog.Infra.Configs.DatabaseConfiguration::get_Host()
FNDA:0,System.String Blog.Infra.Configs.DatabaseConfiguration::get_Host()
DA:5,0
FN:5,System.String Blog.Infra.Configs.DatabaseConfiguration::get_Database()
FNDA:0,System.String Blog.Infra.Configs.DatabaseConfiguration::get_Database()
DA:6,0
FN:6,System.String Blog.Infra.Configs.DatabaseConfiguration::get_User()
FNDA:0,System.String Blog.Infra.Configs.DatabaseConfiguration::get_User()
DA:7,0
FN:7,System.String Blog.Infra.Configs.DatabaseConfiguration::get_Password()
FNDA:0,System.String Blog.Infra.Configs.DatabaseConfiguration::get_Password()
DA:8,0
LF:4
LH:0
BRF:0
BRH:0
FNF:4
FNH:0
end_of_record
SF:D:\dev\back\Blog\Blog.Infra\Configs\SmtpConfiguration.cs
FN:4,System.String Blog.Infra.Configs.SmtpConfiguration::get_Server()
FNDA:10,System.String Blog.Infra.Configs.SmtpConfiguration::get_Server()
DA:5,10
FN:5,System.Int32 Blog.Infra.Configs.SmtpConfiguration::get_Port()
FNDA:10,System.Int32 Blog.Infra.Configs.SmtpConfiguration::get_Port()
DA:6,10
FN:6,System.String Blog.Infra.Configs.SmtpConfiguration::get_Username()
FNDA:8,System.String Blog.Infra.Configs.SmtpConfiguration::get_Username()
DA:7,8
FN:7,System.String Blog.Infra.Configs.SmtpConfiguration::get_Password()
FNDA:8,System.String Blog.Infra.Configs.SmtpConfiguration::get_Password()
DA:8,8
FN:8,System.Void Blog.Infra.Configs.SmtpConfiguration::.ctor()
FNDA:15,System.Void Blog.Infra.Configs.SmtpConfiguration::.ctor()
DA:9,15
LF:5
LH:5
BRF:0
BRH:0
FNF:5
FNH:5
end_of_record
SF:D:\dev\back\Blog\Blog.Infra\Configs\EntityConfiguration\CategoryConfiguration.cs
FN:9,System.Void Blog.Infra.Configs.EntityConfiguration.CategoryConfiguration::Configure(Microsoft.EntityFrameworkCore.Metadata.Builders.EntityTypeBuilder`1<Blog.Domain.Entities.Category>)
FNDA:1,System.Void Blog.Infra.Configs.EntityConfiguration.CategoryConfiguration::Configure(Microsoft.EntityFrameworkCore.Metadata.Builders.EntityTypeBuilder`1<Blog.Domain.Entities.Category>)
DA:10,1
DA:11,1
DA:13,1
DA:15,1
DA:16,1
DA:17,1
DA:19,1
DA:20,1
DA:21,1
DA:22,1
DA:23,1
DA:25,1
DA:26,1
DA:27,1
DA:28,1
DA:29,1
DA:30,1
DA:31,1
DA:32,1
DA:33,1
DA:34,1
DA:35,1
DA:36,1
DA:37,1
DA:38,1
DA:39,1
DA:40,1
DA:41,1
DA:43,1
LF:29
LH:29
BRF:0
BRH:0
FNF:1
FNH:1
end_of_record
SF:D:\dev\back\Blog\Blog.Infra\Configs\EntityConfiguration\CommentConfiguration.cs
FN:9,System.Void Blog.Infra.Configs.EntityConfiguration.CommentConfiguration::Configure(Microsoft.EntityFrameworkCore.Metadata.Builders.EntityTypeBuilder`1<Blog.Domain.Entities.Comment>)
FNDA:1,System.Void Blog.Infra.Configs.EntityConfiguration.CommentConfiguration::Configure(Microsoft.EntityFrameworkCore.Metadata.Builders.EntityTypeBuilder`1<Blog.Domain.Entities.Comment>)
DA:10,1
DA:11,1
DA:13,1
DA:15,1
DA:16,1
DA:17,1
DA:19,1
DA:20,1
DA:21,1
DA:22,1
DA:24,1
DA:26,1
DA:27,1
DA:28,1
DA:29,1
DA:31,1
DA:32,1
DA:33,1
DA:35,1
DA:36,1
DA:37,1
DA:39,1
LF:22
LH:22
BRF:0
BRH:0
FNF:1
FNH:1
end_of_record
SF:D:\dev\back\Blog\Blog.Infra\Configs\EntityConfiguration\DomainEventConfiguration.cs
FN:9,System.Void Blog.Infra.Configs.EntityConfiguration.DomainEventConfiguration::Configure(Microsoft.EntityFrameworkCore.Metadata.Builders.EntityTypeBuilder`1<Blog.Domain.Events.DomainEvent>)
FNDA:1,System.Void Blog.Infra.Configs.EntityConfiguration.DomainEventConfiguration::Configure(Microsoft.EntityFrameworkCore.Metadata.Builders.EntityTypeBuilder`1<Blog.Domain.Events.DomainEvent>)
DA:10,1
DA:12,1
DA:14,1
DA:16,1
DA:17,1
DA:18,1
DA:20,1
DA:21,1
DA:22,1
DA:23,1
DA:25,1
DA:26,1
DA:27,1
DA:29,1
DA:30,1
DA:31,1
DA:32,1
DA:34,1
DA:35,1
DA:36,1
DA:37,1
DA:39,1
DA:40,1
DA:41,1
DA:42,1
DA:43,1
LF:26
LH:26
BRF:0
BRH:0
FNF:1
FNH:1
end_of_record
SF:D:\dev\back\Blog\Blog.Infra\Configs\EntityConfiguration\PostConfiguration.cs
FN:9,System.Void Blog.Infra.Configs.EntityConfiguration.PostConfiguration::Configure(Microsoft.EntityFrameworkCore.Metadata.Builders.EntityTypeBuilder`1<Blog.Domain.Entities.Post>)
FNDA:1,System.Void Blog.Infra.Configs.EntityConfiguration.PostConfiguration::Configure(Microsoft.EntityFrameworkCore.Metadata.Builders.EntityTypeBuilder`1<Blog.Domain.Entities.Post>)
DA:10,1
DA:11,1
DA:13,1
DA:15,1
DA:16,1
DA:17,1
DA:19,1
DA:20,1
DA:21,1
DA:22,1
DA:24,1
DA:25,1
DA:26,1
DA:27,1
DA:29,1
DA:30,1
DA:31,1
DA:32,1
DA:34,1
DA:35,1
DA:36,1
DA:37,1
DA:39,1
DA:40,1
DA:41,1
DA:42,1
DA:44,1
DA:45,1
DA:46,1
DA:48,1
DA:49,1
DA:50,1
DA:51,1
DA:53,1
DA:54,1
DA:55,1
DA:57,1
DA:58,1
DA:59,1
DA:60,1
DA:61,1
DA:62,2
DA:64,1
LF:43
LH:43
BRF:0
BRH:0
FNF:1
FNH:1
end_of_record
SF:D:\dev\back\Blog\Blog.Infra\Configs\EntityConfiguration\SubscriberConfiguration.cs
FN:9,System.Void Blog.Infra.Configs.EntityConfiguration.SubscriberConfiguration::Configure(Microsoft.EntityFrameworkCore.Metadata.Builders.EntityTypeBuilder`1<Blog.Infra.Services.Notification.Models.Subscriber>)
FNDA:1,System.Void Blog.Infra.Configs.EntityConfiguration.SubscriberConfiguration::Configure(Microsoft.EntityFrameworkCore.Metadata.Builders.EntityTypeBuilder`1<Blog.Infra.Services.Notification.Models.Subscriber>)
DA:10,1
DA:11,1
DA:13,1
DA:15,1
DA:16,1
DA:17,1
DA:19,1
DA:20,1
DA:21,1
DA:22,1
LF:10
LH:10
BRF:0
BRH:0
FNF:1
FNH:1
end_of_record
SF:D:\dev\back\Blog\Blog.Infra\Configs\EntityConfiguration\UserConfiguration.cs
FN:9,System.Void Blog.Infra.Configs.EntityConfiguration.UserConfiguration::Configure(Microsoft.EntityFrameworkCore.Metadata.Builders.EntityTypeBuilder`1<Blog.Domain.Entities.User>)
FNDA:1,System.Void Blog.Infra.Configs.EntityConfiguration.UserConfiguration::Configure(Microsoft.EntityFrameworkCore.Metadata.Builders.EntityTypeBuilder`1<Blog.Domain.Entities.User>)
DA:10,1
DA:11,1
DA:13,1
DA:15,1
DA:16,1
DA:17,1
DA:19,1
DA:20,1
DA:21,1
DA:22,1
DA:24,1
DA:25,1
DA:26,1
DA:27,1
DA:29,1
DA:30,1
DA:31,1
DA:32,1
DA:34,1
DA:35,1
DA:36,1
DA:37,1
DA:38,1
DA:39,1
DA:40,1
DA:41,1
DA:42,1
DA:43,1
DA:44,1
DA:45,1
DA:46,1
DA:47,1
DA:48,1
DA:49,1
DA:50,1
DA:51,1
DA:52,1
DA:55,1
LF:38
LH:38
BRF:0
BRH:0
FNF:1
FNH:1
end_of_record
SF:D:\dev\back\Blog\Blog.Shared\Interfaces\IEmailService.cs
FN:2,System.String Blog.Shared.Interfaces.EmailMessage::get_To()
FNDA:9,System.String Blog.Shared.Interfaces.EmailMessage::get_To()
DA:3,9
LF:1
LH:1
BRF:0
BRH:0
FNF:1
FNH:1
end_of_record
SF:D:\dev\back\Blog\Blog.Shared\Exceptions\EmailSendException.cs
FN:4,System.Void Blog.Application.Exceptions.EmailSendException::.ctor(System.String,System.Exception)
FNDA:4,System.Void Blog.Application.Exceptions.EmailSendException::.ctor(System.String,System.Exception)
DA:5,4
DA:6,4
DA:7,4
LF:3
LH:3
BRF:0
BRH:0
FNF:1
FNH:1
end_of_record